2025-03-26 08:43:47,711 - INFO -  Client / Sending message: fff>1
2025-03-26 08:43:47,714 - INFO -  Client / Sending message: Can you send me the blockchain from block>9
2025-03-26 08:43:47,714 - INFO -  \u8def Client \u8def ('127.0.0.1', 64270) connected
2025-03-26 08:43:47,720 - INFO -   Protocol   Buffer size : 11
2025-03-26 08:43:47,720 - INFO -   Protocol   Buffer data : UPDATED>9>6
2025-03-26 08:43:47,720 - INFO -  Client / Received from Node : UPDATED>9>6
2025-03-26 08:44:15,602 - INFO -   Protocol   Buffer size : 261
2025-03-26 08:44:15,603 - INFO -   Protocol   Buffer data : Sending block...>(10, '0000001a85a38c13a39fe87c70a9690abf21365f74a4d2a08b07cab979fc7ff3', '00000089dfb2ba3876d5d5d4c29e48684781dabdf7c585f471cbac892c7e40f3', 'dd4c44af3e542d7fca73ee1b4a2bc920aa37e4b20c5dc454b0baf8febed91194', '26.03.2025 08:44:15', 6, 21651089)
2025-03-26 08:44:15,603 - INFO -  Client / Received from Node : Sending block...>(10, '0000001a85a38c13a39fe87c70a9690abf21365f74a4d2a08b07cab979fc7ff3', '00000089dfb2ba3876d5d5d4c29e48684781dabdf7c585f471cbac892c7e40f3', 'dd4c44af3e542d7fca73ee1b4a2bc920aa37e4b20c5dc454b0baf8febed91194', '26.03.2025 08:44:15', 6, 21651089)
2025-03-26 08:44:15,604 - INFO -   Protocol   Buffer size : 261
2025-03-26 08:44:15,604 - INFO -   Protocol   Buffer data : Sending block...>(10, '0000001a85a38c13a39fe87c70a9690abf21365f74a4d2a08b07cab979fc7ff3', '00000089dfb2ba3876d5d5d4c29e48684781dabdf7c585f471cbac892c7e40f3', 'dd4c44af3e542d7fca73ee1b4a2bc920aa37e4b20c5dc454b0baf8febed91194', '26.03.2025 08:44:15', 6, 21651089)
2025-03-26 08:44:15,604 - INFO -  Client / Received from Node : Sending block...>(10, '0000001a85a38c13a39fe87c70a9690abf21365f74a4d2a08b07cab979fc7ff3', '00000089dfb2ba3876d5d5d4c29e48684781dabdf7c585f471cbac892c7e40f3', 'dd4c44af3e542d7fca73ee1b4a2bc920aa37e4b20c5dc454b0baf8febed91194', '26.03.2025 08:44:15', 6, 21651089)
2025-03-26 08:44:15,609 - INFO -   Protocol   Buffer size : 291
2025-03-26 08:44:15,609 - INFO -   Protocol   Buffer data : (10, 0, '26.03.2025 08:43:16', '0000000000000000000000000000000000000000000000000000000000000000', 'RR81c8e7b38f6559f99b0ed0580d5b04aa9e80', 100.0, 'MNSR', '0000000000000000000000000000000000000000000000000000000000000000', '0000000000000000000000000000000000000000000000000000000000000000')
2025-03-26 08:44:15,614 - INFO -   Protocol   Buffer size : 27
2025-03-26 08:44:15,615 - INFO -   Protocol   Buffer data : Stop recieving transactions
2025-03-26 08:44:15,615 - INFO - Successfully saved the block 10 and its transactions
2025-03-26 08:44:15,630 - INFO -  Client / Sending message: Block id is invalid
2025-03-26 08:44:15,631 - INFO -   Protocol   Buffer size : 291
2025-03-26 08:44:15,631 - INFO -   Protocol   Buffer data : (10, 0, '26.03.2025 08:43:16', '0000000000000000000000000000000000000000000000000000000000000000', 'RR81c8e7b38f6559f99b0ed0580d5b04aa9e80', 100.0, 'MNSR', '0000000000000000000000000000000000000000000000000000000000000000', '0000000000000000000000000000000000000000000000000000000000000000')
2025-03-26 08:44:15,632 - INFO -  Client / Received from Node : (10, 0, '26.03.2025 08:43:16', '0000000000000000000000000000000000000000000000000000000000000000', 'RR81c8e7b38f6559f99b0ed0580d5b04aa9e80', 100.0, 'MNSR', '0000000000000000000000000000000000000000000000000000000000000000', '0000000000000000000000000000000000000000000000000000000000000000')
2025-03-26 08:44:15,633 - INFO -   Protocol   Buffer size : 27
2025-03-26 08:44:15,633 - INFO -   Protocol   Buffer data : Stop recieving transactions
2025-03-26 08:44:15,633 - INFO -  Client / Received from Node : Stop recieving transactions
2025-03-26 08:44:46,824 - INFO -   Protocol   Buffer size : 261
2025-03-26 08:44:46,824 - INFO -   Protocol   Buffer data : Sending block...>(11, '000000496ab584e7c8db8fd4747177fb59d126bf4372628c4e89ae7662acbf74', '0000001a85a38c13a39fe87c70a9690abf21365f74a4d2a08b07cab979fc7ff3', 'e4f90d185890d6454081677cf12c818c5325a4471a924cf3f22faada4711d8bd', '26.03.2025 08:44:45', 6, 11368538)
2025-03-26 08:44:46,824 - INFO -  Client / Received from Node : Sending block...>(11, '000000496ab584e7c8db8fd4747177fb59d126bf4372628c4e89ae7662acbf74', '0000001a85a38c13a39fe87c70a9690abf21365f74a4d2a08b07cab979fc7ff3', 'e4f90d185890d6454081677cf12c818c5325a4471a924cf3f22faada4711d8bd', '26.03.2025 08:44:45', 6, 11368538)
2025-03-26 08:44:46,826 - INFO -   Protocol   Buffer size : 261
2025-03-26 08:44:46,826 - INFO -   Protocol   Buffer data : Sending block...>(11, '000000496ab584e7c8db8fd4747177fb59d126bf4372628c4e89ae7662acbf74', '0000001a85a38c13a39fe87c70a9690abf21365f74a4d2a08b07cab979fc7ff3', 'e4f90d185890d6454081677cf12c818c5325a4471a924cf3f22faada4711d8bd', '26.03.2025 08:44:45', 6, 11368538)
2025-03-26 08:44:46,826 - INFO -  Client / Received from Node : Sending block...>(11, '000000496ab584e7c8db8fd4747177fb59d126bf4372628c4e89ae7662acbf74', '0000001a85a38c13a39fe87c70a9690abf21365f74a4d2a08b07cab979fc7ff3', 'e4f90d185890d6454081677cf12c818c5325a4471a924cf3f22faada4711d8bd', '26.03.2025 08:44:45', 6, 11368538)
2025-03-26 08:44:46,830 - INFO -   Protocol   Buffer size : 290
2025-03-26 08:44:46,830 - INFO -   Protocol   Buffer data : (11, 0, '26.03.2025 08:44:15', '0000000000000000000000000000000000000000000000000000000000000000', 'RR81c8e7b38f6559f99b0ed0580d5b04aa9e80', 100.0, 'TAL', '0000000000000000000000000000000000000000000000000000000000000000', '0000000000000000000000000000000000000000000000000000000000000000')
2025-03-26 08:44:46,835 - INFO -   Protocol   Buffer size : 27
2025-03-26 08:44:46,835 - INFO -   Protocol   Buffer data : Stop recieving transactions
2025-03-26 08:44:46,835 - INFO - Successfully saved the block 11 and its transactions
2025-03-26 08:44:46,847 - INFO -  Client / Sending message: Block id is invalid
2025-03-26 08:44:46,848 - INFO -   Protocol   Buffer size : 290
2025-03-26 08:44:46,848 - INFO -   Protocol   Buffer data : (11, 0, '26.03.2025 08:44:15', '0000000000000000000000000000000000000000000000000000000000000000', 'RR81c8e7b38f6559f99b0ed0580d5b04aa9e80', 100.0, 'TAL', '0000000000000000000000000000000000000000000000000000000000000000', '0000000000000000000000000000000000000000000000000000000000000000')
2025-03-26 08:44:46,848 - INFO -  Client / Received from Node : (11, 0, '26.03.2025 08:44:15', '0000000000000000000000000000000000000000000000000000000000000000', 'RR81c8e7b38f6559f99b0ed0580d5b04aa9e80', 100.0, 'TAL', '0000000000000000000000000000000000000000000000000000000000000000', '0000000000000000000000000000000000000000000000000000000000000000')
2025-03-26 08:44:46,849 - INFO -   Protocol   Buffer size : 27
2025-03-26 08:44:46,849 - INFO -   Protocol   Buffer data : Stop recieving transactions
2025-03-26 08:44:46,849 - INFO -  Client / Received from Node : Stop recieving transactions
