2025-03-31 00:38:06,696 - INFO -  Client / Sending message: sigma>1
2025-03-31 00:38:06,698 - INFO -  Client / Sending message: Can you send me the blockchain from block>11
2025-03-31 00:38:06,698 - INFO -  \u8def Client \u8def ('127.0.0.1', 56268) connected
2025-03-31 00:38:06,699 - INFO -   Protocol   Buffer size : 12
2025-03-31 00:38:06,699 - INFO -   Protocol   Buffer data : UPDATED>11>6
2025-03-31 00:38:06,702 - INFO -  Client / Received from Node : UPDATED>11>6
2025-03-31 00:38:44,335 - INFO -   Protocol   Buffer size : 260
2025-03-31 00:38:44,335 - INFO -   Protocol   Buffer data : Sending block...>(12, '000000339d5b1288b0323caccec28b3ccc67b6971053d6cfd66c8929a2c8ba93', '000000a39c3a1362ce505474b165ee5300b7bd4b21529edaef7555e88a782044', '3a0446fcef18a09fe90dc2b911be5e42bc02d4fa81894bca44136c2a81bf3ccf', '2025-03-31 00:38:43', 6, 3784429)
2025-03-31 00:38:44,335 - INFO -  Client / Received from Node : Sending block...>(12, '000000339d5b1288b0323caccec28b3ccc67b6971053d6cfd66c8929a2c8ba93', '000000a39c3a1362ce505474b165ee5300b7bd4b21529edaef7555e88a782044', '3a0446fcef18a09fe90dc2b911be5e42bc02d4fa81894bca44136c2a81bf3ccf', '2025-03-31 00:38:43', 6, 3784429)
2025-03-31 00:38:44,341 - INFO -   Protocol   Buffer size : 291
2025-03-31 00:38:44,342 - INFO -   Protocol   Buffer data : (12, 0, '2025-03-31 00:38:35', '0000000000000000000000000000000000000000000000000000000000000000', 'RRc894b58695387ebd1b7757dbafb19c84b52b', 100.0, 'GMBL', '0000000000000000000000000000000000000000000000000000000000000000', '0000000000000000000000000000000000000000000000000000000000000000')
2025-03-31 00:38:44,348 - INFO -   Protocol   Buffer size : 27
2025-03-31 00:38:44,348 - INFO -   Protocol   Buffer data : Stop recieving transactions
2025-03-31 00:38:44,348 - INFO - Successfully saved the block 12 and its transactions
2025-03-31 00:38:56,221 - INFO -  Client / Sending message: Is address valid?>RR701430d5253c07cac771f1dbad5dcf0ba3ac
2025-03-31 00:38:56,222 - INFO -   Protocol   Buffer size : 5
2025-03-31 00:38:56,222 - INFO -   Protocol   Buffer data : Valid
2025-03-31 00:38:56,222 - INFO -  Client / Received from Node : Valid
2025-03-31 00:38:56,243 - INFO -  Client / Sending message: Transaction:|(1, '2025-03-31 00:38:56', 'RRc894b58695387ebd1b7757dbafb19c84b52b', 'RR701430d5253c07cac771f1dbad5dcf0ba3ac', 100, 'TAL', '02f566d7ab183c0b94db5f4ec32fff58c7fe8f21383f29721dceac4c69935639d4', '7cf3466b4f10f3925d1841d17f155f8319de311969c1900ed1c02d7bc38f0b1c938d6bcacf9d73ac942134f86d2653e5f6aa9ae72abb8f9b9111ccf0e18a05a8')
2025-03-31 00:38:56,543 - INFO -   Protocol   Buffer size : 20
2025-03-31 00:38:56,543 - INFO -   Protocol   Buffer data : Transaction verified
2025-03-31 00:38:56,543 - INFO -  Client / Received from Node : Transaction verified
2025-03-31 00:39:29,434 - INFO -  Client / ('127.0.0.1', 56268) closing
2025-03-31 00:39:29,434 - INFO -  Client / Sending message: EXIT
2025-03-31 00:39:29,435 - INFO -  Client / The client closed application
