2025-05-24 15:57:55,407 - INFO -  Node / starting
2025-05-24 15:57:55,424 - INFO -  Node / Current block is 33, with the difficulty of 6
2025-05-24 15:57:55,424 - INFO -  Node / listening on 0.0.0.0
2025-05-24 15:58:03,764 - INFO -   Protocol   Buffer size : 17
2025-05-24 15:58:03,764 - INFO -   Protocol   Buffer data : LOGIN>sigma>sigma
2025-05-24 15:58:03,765 - INFO -  Node / Sending message: Error, wrong username or password
2025-05-24 15:58:17,839 - INFO -   Protocol   Buffer size : 50
2025-05-24 15:58:17,839 - INFO -   Protocol   Buffer data : REG>qwe>qwe>RR55920e8a7e2817cb671e38b8a0d508bf1253
2025-05-24 15:58:17,842 - INFO -  Node / Sending message: Successfully registered, enjoy!
2025-05-24 15:58:19,774 - INFO -   Protocol   Buffer size : 5
2025-05-24 15:58:19,774 - INFO -   Protocol   Buffer data : qwe>1
2025-05-24 15:58:19,774 - INFO -  Node / Active connection 1
2025-05-24 15:58:19,775 - INFO -  Node / New client : qwe connected
2025-05-24 15:58:19,791 - INFO -   Protocol   Buffer size : 44
2025-05-24 15:58:19,791 - INFO -   Protocol   Buffer data : Can you send me the blockchain from block>32
2025-05-24 15:58:19,791 - INFO -  Node / Received from client : qwe - Can you send me the blockchain from block>32
2025-05-24 15:58:19,791 - INFO -  Node / Sending message: Sending the blocks>1>6
2025-05-24 15:58:19,792 - INFO -  Node / Sending message: Sending block...>(33, '000000c100d6be14455626e3f910554725146e70187bd4bd835633bf079a299b', '0000001a3700bf2f4b37a438f589eb72c7a470c3c917baba3b5ce4dc2a5dbd5e', '385b980d2607639bb5339ac6dfb331ba9729fbc0355dab0dc56eab8d105190f7', '2025-04-01 21:48:27', 6, 1010624)
2025-05-24 15:58:19,792 - INFO -  Node / Sending message: (33, 0, '2025-04-01 21:48:24', '0000000000000000000000000000000000000000000000000000000000000000', 'RRc894b58695387ebd1b7757dbafb19c84b52b', 100.0, 'TAL', '0000000000000000000000000000000000000000000000000000000000000000', '0000000000000000000000000000000000000000000000000000000000000000')
2025-05-24 15:58:19,792 - INFO -  Node / Sending message: Stop recieving transactions
2025-05-24 15:58:19,793 - INFO -  Node / Sending message: UPDATED>33>6
2025-05-24 15:58:19,793 - INFO -  Node / Updated: qwe
2025-05-24 16:00:45,887 - INFO -   Protocol   Buffer size : 4
2025-05-24 16:00:45,887 - INFO -   Protocol   Buffer data : EXIT
2025-05-24 16:00:45,887 - INFO -  Node / Received from client : qwe - EXIT
2025-05-24 16:00:45,888 - INFO -  Node / User qwe was disconnected
2025-05-24 16:01:01,071 - INFO -   Protocol   Buffer size : 13
2025-05-24 16:01:01,071 - INFO -   Protocol   Buffer data : LOGIN>zxc>zxc
2025-05-24 16:01:01,071 - INFO -  Node / Sending message: Error, wrong username or password
2025-05-24 16:01:04,165 - INFO -   Protocol   Buffer size : 50
2025-05-24 16:01:04,166 - INFO -   Protocol   Buffer data : REG>zxc>zxc>RRa699dc25b99f968d9f3a9c1138c6d931609d
2025-05-24 16:01:04,170 - INFO -  Node / Sending message: Successfully registered, enjoy!
2025-05-24 16:01:05,239 - INFO -   Protocol   Buffer size : 5
2025-05-24 16:01:05,239 - INFO -   Protocol   Buffer data : zxc>1
2025-05-24 16:01:05,239 - INFO -  Node / Active connection 1
2025-05-24 16:01:05,240 - INFO -  Node / New client : zxc connected
2025-05-24 16:01:05,241 - INFO -   Protocol   Buffer size : 44
2025-05-24 16:01:05,241 - INFO -   Protocol   Buffer data : Can you send me the blockchain from block>33
2025-05-24 16:01:05,241 - INFO -  Node / Received from client : zxc - Can you send me the blockchain from block>33
2025-05-24 16:01:05,241 - INFO -  Node / Sending message: UPDATED>33>6
2025-05-24 16:01:05,241 - INFO -  Node / Updated: zxc
2025-05-24 16:01:28,462 - INFO -   Protocol   Buffer size : 4
2025-05-24 16:01:28,462 - INFO -   Protocol   Buffer data : EXIT
2025-05-24 16:01:28,462 - INFO -  Node / Received from client : zxc - EXIT
2025-05-24 16:01:28,462 - INFO -  Node / User zxc was disconnected
